  main.cpp
C:\Users\qweco\Homework cpp\cpp\sem2\Benko A\Project1\Project1\main.cpp(90,68): warning C4244: аргумент: преобразование "T" в "float", возможна потеря данных
          with
          [
              T=unsigned int
          ]
C:\Users\qweco\Homework cpp\cpp\sem2\Benko A\Project1\Project1\main.cpp(90,44): warning C4244: аргумент: преобразование "T" в "float", возможна потеря данных
          with
          [
              T=unsigned int
          ]
C:\Users\qweco\Homework cpp\cpp\sem2\Benko A\Project1\Project1\main.cpp(167,65): warning C4244: аргумент: преобразование "T" в "float", возможна потеря данных
          with
          [
              T=unsigned int
          ]
C:\Users\qweco\Homework cpp\cpp\sem2\Benko A\Project1\Project1\main.cpp(167,41): warning C4244: аргумент: преобразование "T" в "float", возможна потеря данных
          with
          [
              T=unsigned int
          ]
  Project1.vcxproj -> C:\Users\qweco\Homework cpp\cpp\sem2\Benko A\Project1\x64\Debug\Project1.exe
