  pch.cpp
  dllmain.cpp
  MathLibrary.cpp
C:\Users\ivanm\gamedev\cpp\sem2\KovalenkoIS\hw2\MathLibrary\MathLibrary\MathLibrary.cpp(48,44): warning C4244: return: преобразование "_Ty" в "double", возможна потеря данных
          with
          [
              _Ty=__int64
          ]
C:\Users\ivanm\gamedev\cpp\sem2\KovalenkoIS\hw2\MathLibrary\MathLibrary\MathLibrary.cpp(85,28): warning C4244: аргумент: преобразование "double" в "_Ty", возможна потеря данных
          with
          [
              _Ty=__int64
          ]
C:\Users\ivanm\gamedev\cpp\sem2\KovalenkoIS\hw2\MathLibrary\MathLibrary\MathLibrary.cpp(90,30): warning C4244: инициализация: преобразование "double" в "__int64", возможна потеря данных
C:\Users\ivanm\gamedev\cpp\sem2\KovalenkoIS\hw2\MathLibrary\MathLibrary\MathLibrary.cpp(94,26): warning C4244: инициализация: преобразование "double" в "__int64", возможна потеря данных
C:\Program Files\Microsoft Visual Studio\2022\Community\VC\Tools\MSVC\14.37.32822\include\numeric(34,26): warning C4244: =: преобразование "__int64" в "_Ty", возможна потеря данных
          with
          [
              _Ty=int
          ]
C:\Program Files\Microsoft Visual Studio\2022\Community\VC\Tools\MSVC\14.37.32822\include\numeric(43,17): message : выполняется компиляция ссылки на экземпляр шаблон функции "_Ty std::accumulate<_InIt,_Ty,std::plus<void>>(const _InIt,const _InIt,_Ty,_Fn)"
          with
          [
              _Ty=int,
              _InIt=std::_Vector_iterator<std::_Vector_val<std::_Simple_types<__int64>>>,
              _Fn=std::plus<void>
          ]
C:\Users\ivanm\gamedev\cpp\sem2\KovalenkoIS\hw2\MathLibrary\MathLibrary\MathLibrary.cpp(100,35): message : выполняется компиляция ссылки на экземпляр шаблон функции "_Ty std::accumulate<std::_Vector_iterator<std::_Vector_val<std::_Simple_types<__int64>>>,int>(const _InIt,const _InIt,_Ty)"
          with
          [
              _Ty=int,
              _InIt=std::_Vector_iterator<std::_Vector_val<std::_Simple_types<__int64>>>
          ]
  Создание кода...
     Создается библиотека C:\Users\ivanm\gamedev\cpp\sem2\KovalenkoIS\hw2\MathLibrary\x64\Debug\MathLibrary.lib и объект C:\Users\ivanm\gamedev\cpp\sem2\KovalenkoIS\hw2\MathLibrary\x64\Debug\MathLibrary.exp
  MathLibrary.vcxproj -> C:\Users\ivanm\gamedev\cpp\sem2\KovalenkoIS\hw2\MathLibrary\x64\Debug\MathLibrary.dll
