  cat.cpp
C:\Users\myste\source\repos\minihomework4\minihomework4\cat\cat.cpp(72,27): warning C4244: аргумент: преобразование "double" в "float", возможна потеря данных
C:\Users\myste\source\repos\minihomework4\minihomework4\cat\cat.cpp(72,21): warning C4244: аргумент: преобразование "double" в "float", возможна потеря данных
  game.cpp
  info.cpp
C:\Users\myste\source\repos\minihomework4\minihomework4\game\info.cpp(27,89): warning C4244: аргумент: преобразование "double" в "float", возможна потеря данных
C:\Users\myste\source\repos\minihomework4\minihomework4\game\info.cpp(27,37): warning C4244: аргумент: преобразование "double" в "float", возможна потеря данных
C:\Users\myste\source\repos\minihomework4\minihomework4\game\info.cpp(28,101): warning C4244: аргумент: преобразование "double" в "float", возможна потеря данных
C:\Users\myste\source\repos\minihomework4\minihomework4\game\info.cpp(28,44): warning C4244: аргумент: преобразование "double" в "float", возможна потеря данных
C:\Users\myste\source\repos\minihomework4\minihomework4\game\info.cpp(29,89): warning C4244: аргумент: преобразование "double" в "float", возможна потеря данных
C:\Users\myste\source\repos\minihomework4\minihomework4\game\info.cpp(29,38): warning C4244: аргумент: преобразование "double" в "float", возможна потеря данных
C:\Users\myste\source\repos\minihomework4\minihomework4\game\info.cpp(40,91): warning C4244: аргумент: преобразование "double" в "float", возможна потеря данных
C:\Users\myste\source\repos\minihomework4\minihomework4\game\info.cpp(40,39): warning C4244: аргумент: преобразование "double" в "float", возможна потеря данных
C:\Users\myste\source\repos\minihomework4\minihomework4\game\info.cpp(41,101): warning C4244: аргумент: преобразование "double" в "float", возможна потеря данных
C:\Users\myste\source\repos\minihomework4\minihomework4\game\info.cpp(41,44): warning C4244: аргумент: преобразование "double" в "float", возможна потеря данных
C:\Users\myste\source\repos\minihomework4\minihomework4\game\info.cpp(42,89): warning C4244: аргумент: преобразование "double" в "float", возможна потеря данных
C:\Users\myste\source\repos\minihomework4\minihomework4\game\info.cpp(42,38): warning C4244: аргумент: преобразование "double" в "float", возможна потеря данных
  minihomework4.cpp
C:\Users\myste\source\repos\minihomework4\minihomework4\minihomework4.cpp(10,48): warning C4244: аргумент: преобразование "double" в "unsigned int", возможна потеря данных
C:\Users\myste\source\repos\minihomework4\minihomework4\minihomework4.cpp(10,39): warning C4244: аргумент: преобразование "double" в "unsigned int", возможна потеря данных
C:\Users\myste\source\repos\minihomework4\minihomework4\minihomework4.cpp(29,29): warning C4244: аргумент: преобразование "double" в "float", возможна потеря данных
C:\Users\myste\source\repos\minihomework4\minihomework4\minihomework4.cpp(34,45): warning C4244: аргумент: преобразование "double" в "float", возможна потеря данных
C:\Users\myste\source\repos\minihomework4\minihomework4\minihomework4.cpp(34,28): warning C4244: аргумент: преобразование "double" в "float", возможна потеря данных
C:\Users\myste\source\repos\minihomework4\minihomework4\minihomework4.cpp(38,44): warning C4244: аргумент: преобразование "double" в "float", возможна потеря данных
C:\Users\myste\source\repos\minihomework4\minihomework4\minihomework4.cpp(38,27): warning C4244: аргумент: преобразование "double" в "float", возможна потеря данных
C:\Users\myste\source\repos\minihomework4\minihomework4\minihomework4.cpp(43,43): warning C4244: аргумент: преобразование "double" в "float", возможна потеря данных
C:\Users\myste\source\repos\minihomework4\minihomework4\minihomework4.cpp(43,26): warning C4244: аргумент: преобразование "double" в "float", возможна потеря данных
C:\Users\myste\source\repos\minihomework4\minihomework4\minihomework4.cpp(168,92): warning C4244: аргумент: преобразование "T" в "T", возможна потеря данных
C:\Users\myste\source\repos\minihomework4\minihomework4\minihomework4.cpp(168,92): warning C4244:         with
C:\Users\myste\source\repos\minihomework4\minihomework4\minihomework4.cpp(168,92): warning C4244:         [
C:\Users\myste\source\repos\minihomework4\minihomework4\minihomework4.cpp(168,92): warning C4244:             T=int
C:\Users\myste\source\repos\minihomework4\minihomework4\minihomework4.cpp(168,92): warning C4244:         ]
C:\Users\myste\source\repos\minihomework4\minihomework4\minihomework4.cpp(168,92): warning C4244:         and
C:\Users\myste\source\repos\minihomework4\minihomework4\minihomework4.cpp(168,92): warning C4244:         [
C:\Users\myste\source\repos\minihomework4\minihomework4\minihomework4.cpp(168,92): warning C4244:             T=float
C:\Users\myste\source\repos\minihomework4\minihomework4\minihomework4.cpp(168,92): warning C4244:         ]
C:\Users\myste\source\repos\minihomework4\minihomework4\minihomework4.cpp(168,58): warning C4244: аргумент: преобразование "T" в "T", возможна потеря данных
C:\Users\myste\source\repos\minihomework4\minihomework4\minihomework4.cpp(168,58): warning C4244:         with
C:\Users\myste\source\repos\minihomework4\minihomework4\minihomework4.cpp(168,58): warning C4244:         [
C:\Users\myste\source\repos\minihomework4\minihomework4\minihomework4.cpp(168,58): warning C4244:             T=int
C:\Users\myste\source\repos\minihomework4\minihomework4\minihomework4.cpp(168,58): warning C4244:         ]
C:\Users\myste\source\repos\minihomework4\minihomework4\minihomework4.cpp(168,58): warning C4244:         and
C:\Users\myste\source\repos\minihomework4\minihomework4\minihomework4.cpp(168,58): warning C4244:         [
C:\Users\myste\source\repos\minihomework4\minihomework4\minihomework4.cpp(168,58): warning C4244:             T=float
C:\Users\myste\source\repos\minihomework4\minihomework4\minihomework4.cpp(168,58): warning C4244:         ]
C:\Users\myste\source\repos\minihomework4\minihomework4\minihomework4.cpp(182,92): warning C4244: аргумент: преобразование "T" в "T", возможна потеря данных
C:\Users\myste\source\repos\minihomework4\minihomework4\minihomework4.cpp(182,92): warning C4244:         with
C:\Users\myste\source\repos\minihomework4\minihomework4\minihomework4.cpp(182,92): warning C4244:         [
C:\Users\myste\source\repos\minihomework4\minihomework4\minihomework4.cpp(182,92): warning C4244:             T=int
C:\Users\myste\source\repos\minihomework4\minihomework4\minihomework4.cpp(182,92): warning C4244:         ]
C:\Users\myste\source\repos\minihomework4\minihomework4\minihomework4.cpp(182,92): warning C4244:         and
C:\Users\myste\source\repos\minihomework4\minihomework4\minihomework4.cpp(182,92): warning C4244:         [
C:\Users\myste\source\repos\minihomework4\minihomework4\minihomework4.cpp(182,92): warning C4244:             T=float
C:\Users\myste\source\repos\minihomework4\minihomework4\minihomework4.cpp(182,92): warning C4244:         ]
C:\Users\myste\source\repos\minihomework4\minihomework4\minihomework4.cpp(182,58): warning C4244: аргумент: преобразование "T" в "T", возможна потеря данных
C:\Users\myste\source\repos\minihomework4\minihomework4\minihomework4.cpp(182,58): warning C4244:         with
C:\Users\myste\source\repos\minihomework4\minihomework4\minihomework4.cpp(182,58): warning C4244:         [
C:\Users\myste\source\repos\minihomework4\minihomework4\minihomework4.cpp(182,58): warning C4244:             T=int
C:\Users\myste\source\repos\minihomework4\minihomework4\minihomework4.cpp(182,58): warning C4244:         ]
C:\Users\myste\source\repos\minihomework4\minihomework4\minihomework4.cpp(182,58): warning C4244:         and
C:\Users\myste\source\repos\minihomework4\minihomework4\minihomework4.cpp(182,58): warning C4244:         [
C:\Users\myste\source\repos\minihomework4\minihomework4\minihomework4.cpp(182,58): warning C4244:             T=float
C:\Users\myste\source\repos\minihomework4\minihomework4\minihomework4.cpp(182,58): warning C4244:         ]
C:\Users\myste\source\repos\minihomework4\minihomework4\minihomework4.cpp(196,95): warning C4244: аргумент: преобразование "T" в "T", возможна потеря данных
C:\Users\myste\source\repos\minihomework4\minihomework4\minihomework4.cpp(196,95): warning C4244:         with
C:\Users\myste\source\repos\minihomework4\minihomework4\minihomework4.cpp(196,95): warning C4244:         [
C:\Users\myste\source\repos\minihomework4\minihomework4\minihomework4.cpp(196,95): warning C4244:             T=int
C:\Users\myste\source\repos\minihomework4\minihomework4\minihomework4.cpp(196,95): warning C4244:         ]
C:\Users\myste\source\repos\minihomework4\minihomework4\minihomework4.cpp(196,95): warning C4244:         and
C:\Users\myste\source\repos\minihomework4\minihomework4\minihomework4.cpp(196,95): warning C4244:         [
C:\Users\myste\source\repos\minihomework4\minihomework4\minihomework4.cpp(196,95): warning C4244:             T=float
C:\Users\myste\source\repos\minihomework4\minihomework4\minihomework4.cpp(196,95): warning C4244:         ]
C:\Users\myste\source\repos\minihomework4\minihomework4\minihomework4.cpp(196,61): warning C4244: аргумент: преобразование "T" в "T", возможна потеря данных
C:\Users\myste\source\repos\minihomework4\minihomework4\minihomework4.cpp(196,61): warning C4244:         with
C:\Users\myste\source\repos\minihomework4\minihomework4\minihomework4.cpp(196,61): warning C4244:         [
C:\Users\myste\source\repos\minihomework4\minihomework4\minihomework4.cpp(196,61): warning C4244:             T=int
C:\Users\myste\source\repos\minihomework4\minihomework4\minihomework4.cpp(196,61): warning C4244:         ]
C:\Users\myste\source\repos\minihomework4\minihomework4\minihomework4.cpp(196,61): warning C4244:         and
C:\Users\myste\source\repos\minihomework4\minihomework4\minihomework4.cpp(196,61): warning C4244:         [
C:\Users\myste\source\repos\minihomework4\minihomework4\minihomework4.cpp(196,61): warning C4244:             T=float
C:\Users\myste\source\repos\minihomework4\minihomework4\minihomework4.cpp(196,61): warning C4244:         ]
C:\Users\myste\source\repos\minihomework4\minihomework4\minihomework4.cpp(216,93): warning C4244: аргумент: преобразование "T" в "T", возможна потеря данных
C:\Users\myste\source\repos\minihomework4\minihomework4\minihomework4.cpp(216,93): warning C4244:         with
C:\Users\myste\source\repos\minihomework4\minihomework4\minihomework4.cpp(216,93): warning C4244:         [
C:\Users\myste\source\repos\minihomework4\minihomework4\minihomework4.cpp(216,93): warning C4244:             T=int
C:\Users\myste\source\repos\minihomework4\minihomework4\minihomework4.cpp(216,93): warning C4244:         ]
C:\Users\myste\source\repos\minihomework4\minihomework4\minihomework4.cpp(216,93): warning C4244:         and
C:\Users\myste\source\repos\minihomework4\minihomework4\minihomework4.cpp(216,93): warning C4244:         [
C:\Users\myste\source\repos\minihomework4\minihomework4\minihomework4.cpp(216,93): warning C4244:             T=float
C:\Users\myste\source\repos\minihomework4\minihomework4\minihomework4.cpp(216,93): warning C4244:         ]
C:\Users\myste\source\repos\minihomework4\minihomework4\minihomework4.cpp(216,59): warning C4244: аргумент: преобразование "T" в "T", возможна потеря данных
C:\Users\myste\source\repos\minihomework4\minihomework4\minihomework4.cpp(216,59): warning C4244:         with
C:\Users\myste\source\repos\minihomework4\minihomework4\minihomework4.cpp(216,59): warning C4244:         [
C:\Users\myste\source\repos\minihomework4\minihomework4\minihomework4.cpp(216,59): warning C4244:             T=int
C:\Users\myste\source\repos\minihomework4\minihomework4\minihomework4.cpp(216,59): warning C4244:         ]
C:\Users\myste\source\repos\minihomework4\minihomework4\minihomework4.cpp(216,59): warning C4244:         and
C:\Users\myste\source\repos\minihomework4\minihomework4\minihomework4.cpp(216,59): warning C4244:         [
C:\Users\myste\source\repos\minihomework4\minihomework4\minihomework4.cpp(216,59): warning C4244:             T=float
C:\Users\myste\source\repos\minihomework4\minihomework4\minihomework4.cpp(216,59): warning C4244:         ]
C:\Users\myste\source\repos\minihomework4\minihomework4\minihomework4.cpp(243,94): warning C4244: аргумент: преобразование "T" в "T", возможна потеря данных
C:\Users\myste\source\repos\minihomework4\minihomework4\minihomework4.cpp(243,94): warning C4244:         with
C:\Users\myste\source\repos\minihomework4\minihomework4\minihomework4.cpp(243,94): warning C4244:         [
C:\Users\myste\source\repos\minihomework4\minihomework4\minihomework4.cpp(243,94): warning C4244:             T=int
C:\Users\myste\source\repos\minihomework4\minihomework4\minihomework4.cpp(243,94): warning C4244:         ]
C:\Users\myste\source\repos\minihomework4\minihomework4\minihomework4.cpp(243,94): warning C4244:         and
C:\Users\myste\source\repos\minihomework4\minihomework4\minihomework4.cpp(243,94): warning C4244:         [
C:\Users\myste\source\repos\minihomework4\minihomework4\minihomework4.cpp(243,94): warning C4244:             T=float
C:\Users\myste\source\repos\minihomework4\minihomework4\minihomework4.cpp(243,94): warning C4244:         ]
C:\Users\myste\source\repos\minihomework4\minihomework4\minihomework4.cpp(243,60): warning C4244: аргумент: преобразование "T" в "T", возможна потеря данных
C:\Users\myste\source\repos\minihomework4\minihomework4\minihomework4.cpp(243,60): warning C4244:         with
C:\Users\myste\source\repos\minihomework4\minihomework4\minihomework4.cpp(243,60): warning C4244:         [
C:\Users\myste\source\repos\minihomework4\minihomework4\minihomework4.cpp(243,60): warning C4244:             T=int
C:\Users\myste\source\repos\minihomework4\minihomework4\minihomework4.cpp(243,60): warning C4244:         ]
C:\Users\myste\source\repos\minihomework4\minihomework4\minihomework4.cpp(243,60): warning C4244:         and
C:\Users\myste\source\repos\minihomework4\minihomework4\minihomework4.cpp(243,60): warning C4244:         [
C:\Users\myste\source\repos\minihomework4\minihomework4\minihomework4.cpp(243,60): warning C4244:             T=float
C:\Users\myste\source\repos\minihomework4\minihomework4\minihomework4.cpp(243,60): warning C4244:         ]
C:\Users\myste\source\repos\minihomework4\minihomework4\minihomework4.cpp(270,94): warning C4244: аргумент: преобразование "T" в "T", возможна потеря данных
C:\Users\myste\source\repos\minihomework4\minihomework4\minihomework4.cpp(270,94): warning C4244:         with
C:\Users\myste\source\repos\minihomework4\minihomework4\minihomework4.cpp(270,94): warning C4244:         [
C:\Users\myste\source\repos\minihomework4\minihomework4\minihomework4.cpp(270,94): warning C4244:             T=int
C:\Users\myste\source\repos\minihomework4\minihomework4\minihomework4.cpp(270,94): warning C4244:         ]
C:\Users\myste\source\repos\minihomework4\minihomework4\minihomework4.cpp(270,94): warning C4244:         and
C:\Users\myste\source\repos\minihomework4\minihomework4\minihomework4.cpp(270,94): warning C4244:         [
C:\Users\myste\source\repos\minihomework4\minihomework4\minihomework4.cpp(270,94): warning C4244:             T=float
C:\Users\myste\source\repos\minihomework4\minihomework4\minihomework4.cpp(270,94): warning C4244:         ]
C:\Users\myste\source\repos\minihomework4\minihomework4\minihomework4.cpp(270,60): warning C4244: аргумент: преобразование "T" в "T", возможна потеря данных
C:\Users\myste\source\repos\minihomework4\minihomework4\minihomework4.cpp(270,60): warning C4244:         with
C:\Users\myste\source\repos\minihomework4\minihomework4\minihomework4.cpp(270,60): warning C4244:         [
C:\Users\myste\source\repos\minihomework4\minihomework4\minihomework4.cpp(270,60): warning C4244:             T=int
C:\Users\myste\source\repos\minihomework4\minihomework4\minihomework4.cpp(270,60): warning C4244:         ]
C:\Users\myste\source\repos\minihomework4\minihomework4\minihomework4.cpp(270,60): warning C4244:         and
C:\Users\myste\source\repos\minihomework4\minihomework4\minihomework4.cpp(270,60): warning C4244:         [
C:\Users\myste\source\repos\minihomework4\minihomework4\minihomework4.cpp(270,60): warning C4244:             T=float
C:\Users\myste\source\repos\minihomework4\minihomework4\minihomework4.cpp(270,60): warning C4244:         ]
C:\Users\myste\source\repos\minihomework4\minihomework4\minihomework4.cpp(319,96): warning C4244: аргумент: преобразование "T" в "T", возможна потеря данных
C:\Users\myste\source\repos\minihomework4\minihomework4\minihomework4.cpp(319,96): warning C4244:         with
C:\Users\myste\source\repos\minihomework4\minihomework4\minihomework4.cpp(319,96): warning C4244:         [
C:\Users\myste\source\repos\minihomework4\minihomework4\minihomework4.cpp(319,96): warning C4244:             T=int
C:\Users\myste\source\repos\minihomework4\minihomework4\minihomework4.cpp(319,96): warning C4244:         ]
C:\Users\myste\source\repos\minihomework4\minihomework4\minihomework4.cpp(319,96): warning C4244:         and
C:\Users\myste\source\repos\minihomework4\minihomework4\minihomework4.cpp(319,96): warning C4244:         [
C:\Users\myste\source\repos\minihomework4\minihomework4\minihomework4.cpp(319,96): warning C4244:             T=float
C:\Users\myste\source\repos\minihomework4\minihomework4\minihomework4.cpp(319,96): warning C4244:         ]
C:\Users\myste\source\repos\minihomework4\minihomework4\minihomework4.cpp(319,62): warning C4244: аргумент: преобразование "T" в "T", возможна потеря данных
C:\Users\myste\source\repos\minihomework4\minihomework4\minihomework4.cpp(319,62): warning C4244:         with
C:\Users\myste\source\repos\minihomework4\minihomework4\minihomework4.cpp(319,62): warning C4244:         [
C:\Users\myste\source\repos\minihomework4\minihomework4\minihomework4.cpp(319,62): warning C4244:             T=int
C:\Users\myste\source\repos\minihomework4\minihomework4\minihomework4.cpp(319,62): warning C4244:         ]
C:\Users\myste\source\repos\minihomework4\minihomework4\minihomework4.cpp(319,62): warning C4244:         and
C:\Users\myste\source\repos\minihomework4\minihomework4\minihomework4.cpp(319,62): warning C4244:         [
C:\Users\myste\source\repos\minihomework4\minihomework4\minihomework4.cpp(319,62): warning C4244:             T=float
C:\Users\myste\source\repos\minihomework4\minihomework4\minihomework4.cpp(319,62): warning C4244:         ]
C:\Users\myste\source\repos\minihomework4\minihomework4\minihomework4.cpp(333,93): warning C4244: аргумент: преобразование "T" в "T", возможна потеря данных
C:\Users\myste\source\repos\minihomework4\minihomework4\minihomework4.cpp(333,93): warning C4244:         with
C:\Users\myste\source\repos\minihomework4\minihomework4\minihomework4.cpp(333,93): warning C4244:         [
C:\Users\myste\source\repos\minihomework4\minihomework4\minihomework4.cpp(333,93): warning C4244:             T=int
C:\Users\myste\source\repos\minihomework4\minihomework4\minihomework4.cpp(333,93): warning C4244:         ]
C:\Users\myste\source\repos\minihomework4\minihomework4\minihomework4.cpp(333,93): warning C4244:         and
C:\Users\myste\source\repos\minihomework4\minihomework4\minihomework4.cpp(333,93): warning C4244:         [
C:\Users\myste\source\repos\minihomework4\minihomework4\minihomework4.cpp(333,93): warning C4244:             T=float
C:\Users\myste\source\repos\minihomework4\minihomework4\minihomework4.cpp(333,93): warning C4244:         ]
C:\Users\myste\source\repos\minihomework4\minihomework4\minihomework4.cpp(333,59): warning C4244: аргумент: преобразование "T" в "T", возможна потеря данных
C:\Users\myste\source\repos\minihomework4\minihomework4\minihomework4.cpp(333,59): warning C4244:         with
C:\Users\myste\source\repos\minihomework4\minihomework4\minihomework4.cpp(333,59): warning C4244:         [
C:\Users\myste\source\repos\minihomework4\minihomework4\minihomework4.cpp(333,59): warning C4244:             T=int
C:\Users\myste\source\repos\minihomework4\minihomework4\minihomework4.cpp(333,59): warning C4244:         ]
C:\Users\myste\source\repos\minihomework4\minihomework4\minihomework4.cpp(333,59): warning C4244:         and
C:\Users\myste\source\repos\minihomework4\minihomework4\minihomework4.cpp(333,59): warning C4244:         [
C:\Users\myste\source\repos\minihomework4\minihomework4\minihomework4.cpp(333,59): warning C4244:             T=float
C:\Users\myste\source\repos\minihomework4\minihomework4\minihomework4.cpp(333,59): warning C4244:         ]
C:\Users\myste\source\repos\minihomework4\minihomework4\minihomework4.cpp(357,95): warning C4244: аргумент: преобразование "T" в "T", возможна потеря данных
C:\Users\myste\source\repos\minihomework4\minihomework4\minihomework4.cpp(357,95): warning C4244:         with
C:\Users\myste\source\repos\minihomework4\minihomework4\minihomework4.cpp(357,95): warning C4244:         [
C:\Users\myste\source\repos\minihomework4\minihomework4\minihomework4.cpp(357,95): warning C4244:             T=int
C:\Users\myste\source\repos\minihomework4\minihomework4\minihomework4.cpp(357,95): warning C4244:         ]
C:\Users\myste\source\repos\minihomework4\minihomework4\minihomework4.cpp(357,95): warning C4244:         and
C:\Users\myste\source\repos\minihomework4\minihomework4\minihomework4.cpp(357,95): warning C4244:         [
C:\Users\myste\source\repos\minihomework4\minihomework4\minihomework4.cpp(357,95): warning C4244:             T=float
C:\Users\myste\source\repos\minihomework4\minihomework4\minihomework4.cpp(357,95): warning C4244:         ]
C:\Users\myste\source\repos\minihomework4\minihomework4\minihomework4.cpp(357,61): warning C4244: аргумент: преобразование "T" в "T", возможна потеря данных
C:\Users\myste\source\repos\minihomework4\minihomework4\minihomework4.cpp(357,61): warning C4244:         with
C:\Users\myste\source\repos\minihomework4\minihomework4\minihomework4.cpp(357,61): warning C4244:         [
C:\Users\myste\source\repos\minihomework4\minihomework4\minihomework4.cpp(357,61): warning C4244:             T=int
C:\Users\myste\source\repos\minihomework4\minihomework4\minihomework4.cpp(357,61): warning C4244:         ]
C:\Users\myste\source\repos\minihomework4\minihomework4\minihomework4.cpp(357,61): warning C4244:         and
C:\Users\myste\source\repos\minihomework4\minihomework4\minihomework4.cpp(357,61): warning C4244:         [
C:\Users\myste\source\repos\minihomework4\minihomework4\minihomework4.cpp(357,61): warning C4244:             T=float
C:\Users\myste\source\repos\minihomework4\minihomework4\minihomework4.cpp(357,61): warning C4244:         ]
C:\Users\myste\source\repos\minihomework4\minihomework4\minihomework4.cpp(371,92): warning C4244: аргумент: преобразование "T" в "T", возможна потеря данных
C:\Users\myste\source\repos\minihomework4\minihomework4\minihomework4.cpp(371,92): warning C4244:         with
C:\Users\myste\source\repos\minihomework4\minihomework4\minihomework4.cpp(371,92): warning C4244:         [
C:\Users\myste\source\repos\minihomework4\minihomework4\minihomework4.cpp(371,92): warning C4244:             T=int
C:\Users\myste\source\repos\minihomework4\minihomework4\minihomework4.cpp(371,92): warning C4244:         ]
C:\Users\myste\source\repos\minihomework4\minihomework4\minihomework4.cpp(371,92): warning C4244:         and
C:\Users\myste\source\repos\minihomework4\minihomework4\minihomework4.cpp(371,92): warning C4244:         [
C:\Users\myste\source\repos\minihomework4\minihomework4\minihomework4.cpp(371,92): warning C4244:             T=float
C:\Users\myste\source\repos\minihomework4\minihomework4\minihomework4.cpp(371,92): warning C4244:         ]
C:\Users\myste\source\repos\minihomework4\minihomework4\minihomework4.cpp(371,58): warning C4244: аргумент: преобразование "T" в "T", возможна потеря данных
C:\Users\myste\source\repos\minihomework4\minihomework4\minihomework4.cpp(371,58): warning C4244:         with
C:\Users\myste\source\repos\minihomework4\minihomework4\minihomework4.cpp(371,58): warning C4244:         [
C:\Users\myste\source\repos\minihomework4\minihomework4\minihomework4.cpp(371,58): warning C4244:             T=int
C:\Users\myste\source\repos\minihomework4\minihomework4\minihomework4.cpp(371,58): warning C4244:         ]
C:\Users\myste\source\repos\minihomework4\minihomework4\minihomework4.cpp(371,58): warning C4244:         and
C:\Users\myste\source\repos\minihomework4\minihomework4\minihomework4.cpp(371,58): warning C4244:         [
C:\Users\myste\source\repos\minihomework4\minihomework4\minihomework4.cpp(371,58): warning C4244:             T=float
C:\Users\myste\source\repos\minihomework4\minihomework4\minihomework4.cpp(371,58): warning C4244:         ]
  Создание кода...
  minihomework4.vcxproj -> C:\Users\myste\source\repos\minihomework4\x64\Debug\minihomework4.exe
